2016-09-30T05:08:19.066Z - normal: Load ~/.CocosCreator/settings.json
2016-09-30T05:08:19.073Z - normal: checking language setting...
2016-09-30T05:08:19.073Z - normal: Language: zh
2016-09-30T05:08:20.202Z - success: protocol editor-framework registered
2016-09-30T05:08:20.202Z - success: protocol app registered
2016-09-30T05:08:20.203Z - success: protocol packages registered
2016-09-30T05:08:20.203Z - success: protocol theme registered
2016-09-30T05:08:20.203Z - success: protocol unpack registerred
2016-09-30T05:08:20.512Z - normal: connected!
2016-09-30T05:08:20.521Z - normal: Check project E:\workspace\KeyExercises
2016-09-30T05:08:20.527Z - normal: Initializing Cocos Creator Editor
2016-09-30T05:08:21.767Z - normal: Initializing Cocos2d
2016-09-30T05:08:22.331Z - normal: Initializing Asset Database
2016-09-30T05:08:22.447Z - success: protocol uuid registerred
2016-09-30T05:08:22.448Z - success: protocol db registerred
2016-09-30T05:08:22.448Z - success: protocol thumbnail registerred
2016-09-30T05:08:22.449Z - normal: Loading editor/builtin packages
2016-09-30T05:08:23.551Z - success: assets loaded
2016-09-30T05:08:23.602Z - success: builder loaded
2016-09-30T05:08:23.847Z - success: hierarchy loaded
2016-09-30T05:08:23.915Z - success: inspector loaded
2016-09-30T05:08:23.947Z - success: keystore loaded
2016-09-30T05:08:24.069Z - success: node-library loaded
2016-09-30T05:08:24.090Z - success: preferences loaded
2016-09-30T05:08:24.457Z - success: project-importer loaded
2016-09-30T05:08:24.461Z - success: project-settings loaded
2016-09-30T05:08:24.494Z - success: ui-kit loaded
2016-09-30T05:08:24.529Z - success: ui-grid loaded
2016-09-30T05:08:24.572Z - success: scene loaded
2016-09-30T05:08:24.603Z - success: sprite-editor loaded
2016-09-30T05:08:24.671Z - success: timeline loaded
2016-09-30T05:08:24.671Z - normal: Loading builtin packages
2016-09-30T05:08:24.714Z - success: asset-db-debugger loaded
2016-09-30T05:08:24.733Z - success: cocos-package loaded
2016-09-30T05:08:24.736Z - success: code-editor loaded
2016-09-30T05:08:24.759Z - success: color-picker loaded
2016-09-30T05:08:24.794Z - success: console loaded
2016-09-30T05:08:24.824Z - success: package-manager loaded
2016-09-30T05:08:24.838Z - success: tester loaded
2016-09-30T05:08:24.861Z - success: ui-kit-preview-extra loaded
2016-09-30T05:08:24.877Z - success: ui-kit-preview loaded
2016-09-30T05:08:24.913Z - success: ui-tree loaded
2016-09-30T05:08:25.024Z - normal: Initializing project E:\workspace\KeyExercises
2016-09-30T05:08:25.027Z - normal: Loading packages
2016-09-30T05:08:25.034Z - normal: Run Application
2016-09-30T05:08:28.132Z - success: preview server running at http://localhost:7456
2016-09-30T05:08:49.990Z - normal: 1.2.1-rc.1
2016-09-30T05:09:53.534Z - normal: Compiled successfully
2016-09-30T05:09:56.476Z - normal: 1.2.1-rc.1
2016-09-30T05:09:57.392Z - normal: Built to "E:\workspace\KeyExercises\build" successfully
2016-09-30T05:10:11.152Z - normal: Compiled successfully
2016-09-30T05:10:13.858Z - normal: 1.2.1-rc.1
2016-09-30T05:10:14.966Z - normal: Built to "E:\workspace\KeyExercises\build" successfully
2016-09-30T05:10:21.719Z - info: shutdown preview server
